A DataChangeMonitor with ID DataChangeMonitor001 does not exist.
Warning at line 1 in the definition of set "gdm::sBackupArcs".
The element parameter "gdm::epArcType" is not initialized (default values are used).
Warning at line 1 in the definition of parameter "gom::vLiquefierPower.domain".
The element parameter "gdm::epLiquefierCalculationMode" is not initialized (default values are used).
Warning at line 1 in the definition of parameter "gom::pEnergyCost".
The parameter "gdm::pBackupPowerPump" is not initialized (default values are used).
Warning at line 1 in the definition of parameter "gom::pEnergyCost".
The element parameter "gdm::epCompressorEnergyContract" is not initialized (default values are used).
Warning at line 1 in the definition of parameter "gom::pEnergyCost".
The element parameter "gdm::epLiquefierEnergyContract" is not initialized (default values are used).
Warning at line 1 in the definition of parameter "gom::pEnergyCost".
The element parameter "gdm::epBoxEnergyContract" is not initialized (default values are used).
Warning at line 1 in the definition of parameter "gom::pEnergyCost".
The element parameter "gdm::epBackupEnergyContract" is not initialized (default values are used).
Warning at line 1 in the definition of parameter "gom::pEnergyCost".
The element parameter "gdm::epAuxPowerGroupEnergyContract" is not initialized (default values are used).
Warning at line 1 in the definition of parameter "gom::pEnergyCost".
The parameter "gdm::pEnergyContractCost" is not initialized (default values are used).
Warning at line 1 in the definition of parameter "gom::pCostTank".
The parameter "gdm::pTankInitialLevel" is not initialized (default values are used).
Warning at line 1 in the definition of parameter "gom::pCostTank".
The parameter "gdm::pTankLiquidValue" is not initialized (default values are used).
Warning at line 1 in the definition of set "gdm::sBufferNodes".
The element parameter "gdm::epNodeType" is not initialized (default values are used).
Warning at line 1 in the definition of parameter "gom::pCostBuffer".
The parameter "gdm::pBufferGasValue" is not initialized (default values are used).
Warning at line 1 in the definition of parameter "gom::pInputFlowCost".
The parameter "gdm::pInputFlowNodeCostPerUnit" is not initialized (default values are used).
Warning at line 1 in the definition of parameter "gom::pOutputFlowCost".
The parameter "gdm::pOutputFlowNodeValuePerUnit" is not initialized (default values are used).
Warning at line 1 in the definition of parameter "ldm::pTransportCostPeriod".
The parameter "ldm::pDepotTruckTypeTransportCost" is not initialized (default values are used).
Warning at line 1 in the definition of parameter "ldm::pVolumeTransportedTruckloading".
The element parameter "ldm::epRouteFrom" is not initialized (default values are used).
Warning at line 1 in the definition of parameter "ldm::pVolumeTransportedTruckloading_SelectedUnit".
The element parameter "ldm::epTruckLoadingProduct" is not initialized (default values are used).
Warning at line 1 in the definition of parameter "ldm::pVolumeTransportedTruckloading_SelectedUnit".
The parameter "ldm::pConvFromNm3ToSelectUnit" is not initialized (default values are used).
Warning at line 1 in the definition of parameter "ldm::pVolumeTakeOrPayNotUsedTruckloading".
The element parameter "gdm::epNodeSite" is not initialized (default values are used).
Warning at line 1 in the definition of parameter "ldm::pVolumeTakeOrPayNotUsedTruckloading".
The element parameter "gdm::epTankLiquidProduct" is not initialized (default values are used).
Warning at line 1 in the definition of parameter "ldm::pProductAvailableNm3".
The element parameter "ldm::epSourceType" is not initialized (default values are used).
Warning at line 1 in the definition of parameter "ldm::pProductAvailableNm3".
The parameter "ldm::pExternalsourceTankInitialLevel" is not initialized (default values are used).
Warning at line 1 in the definition of parameter "ldm::pProductTakeOrPayQuantityNm3".
The parameter "ldm::pExternalsourceTankTakeOrPayQuantity" is not initialized (default values are used).
Warning at line 1 in the definition of element parameter "ldm::epRouteProduct".
The element parameter "ldm::epRouteTo" is not initialized (default values are used).
Warning at line 1 in the definition of element parameter "ldm::epRouteProduct".
The element parameter "ldm::epCustomerClusterProduct" is not initialized (default values are used).
Warning at line 1 in the definition of element parameter "ldm::epRouteTruckType".
The element parameter "ldm::epCustomerClusterTruckType" is not initialized (default values are used).
Warning at line 1 in the definition of parameter "ldm::pRouteVolumeTransportedDisplay".
The string parameter "ldm::spCustomerClusterDispatchZone" is not initialized (default values are used).
Warning at line 1 in the definition of parameter "ldm::cTruckloadingDepotFlexLink.domain".
The parameter "ldm::p01UseDepot" is not initialized (default values are used).
Warning at line 1 in the definition of parameter "ldm::cTruckloadingDepotFlexLink.domain".
The parameter "ldm::p01TruckTypeFlexibleActive" is not initialized (default values are used).
Warning at line 1 in the definition of parameter "ldm::cTruckloadingTotalDistance.domain".
The parameter "ldm::p01CalibrationCalculation" is not initialized (default values are used).
Warning at line 3 in user-defined function section "log_message::procCleanLogMessages".
The string parameter "log_message::spLogMessageType" is not initialized (default values are used).
Warning at line 1 in the definition of parameter "gom::cNoPowerBalanceSlackPos.domain".
The parameter "gdm::p01AllowSlackPowerBalance" is not initialized (default values are used).
Warning at line 1 in the definition of parameter "gom::cNoSlackMin.domain".
The parameter "gdm::p01AllowSlackLiquid" is not initialized (default values are used).
Warning at line 1 in the definition of parameter "gom::cNoSlackCompressorFlowMin.domain".
The parameter "gdm::p01AllowSlackCompressorFlow" is not initialized (default values are used).
Warning at line 1 in the definition of string parameter "gom::spProgramStatus".
The element parameter "gom::epProgramStatus" is not initialized (default values are used).
Warning at line 1 in the definition of string parameter "lom::spProgramStatus_lom".
The element parameter "lom::epProgramStatus_lom" is not initialized (default values are used).
Warning at line 1 in the definition of string parameter "uom::spProgramStatus_uom".
The element parameter "uom::epProgramStatus_uom" is not initialized (default values are used).
Warning at line 1 in the definition of parameter "uom::pViolationPenalty".
The parameter "uom::pNode_vp" is not initialized (default values are used).
Warning at line 1 in the definition of parameter "uom::pViolationPenalty".
The parameter "uom::pPressureControlNode_vp" is not initialized (default values are used).
Warning at line 1 in the definition of parameter "uom::pViolationPenalty".
The parameter "uom::pTankNode_vp" is not initialized (default values are used).
Warning at line 1 in the definition of parameter "uom::pViolationPenalty".
The parameter "uom::pBufferNode_vp" is not initialized (default values are used).
Warning at line 1 in the definition of parameter "uom::pViolationPenalty".
The parameter "uom::pInputFlowNode_vp" is not initialized (default values are used).
Warning at line 1 in the definition of parameter "uom::pViolationPenalty".
The parameter "uom::pOutputFlowNode_vp" is not initialized (default values are used).
Warning at line 1 in the definition of parameter "uom::pViolationPenalty".
The parameter "uom::pArc_vp" is not initialized (default values are used).
Warning at line 1 in the definition of parameter "uom::pViolationPenalty".
The parameter "uom::pCompressorArc_vp" is not initialized (default values are used).
Warning at line 1 in the definition of parameter "uom::pViolationPenalty".
The parameter "uom::pLiquefierArc_vp" is not initialized (default values are used).
Warning at line 1 in the definition of parameter "uom::pViolationPenalty".
The parameter "uom::pBackupArc_vp" is not initialized (default values are used).
Warning at line 1 in the definition of parameter "uom::pViolationPenalty".
The parameter "uom::pValveArc_vp" is not initialized (default values are used).
Warning at line 1 in the definition of parameter "uom::pViolationPenalty".
The parameter "uom::pPipeArc_vp" is not initialized (default values are used).
Warning at line 1 in the definition of parameter "uom::pViolationPenalty".
The parameter "uom::pBox_vp" is not initialized (default values are used).
Warning at line 1 in the definition of parameter "uom::pViolationPenalty".
The parameter "uom::pColdBox_vp" is not initialized (default values are used).
Warning at line 1 in the definition of parameter "uom::pViolationPenalty".
The parameter "uom::pOperatingMode_vp" is not initialized (default values are used).
The maximum of 20 warnings reached, further warnings suppressed.  See also option maximal_number_of_warnings_reported
Warning at line 1 in the definition of parameter "uom::pViolationPenalty".
The parameter "uom::pOther_vp" is not initialized (default values are used).
Warning at line 1 in the definition of string parameter "ulom::spProgramStatus_ulom".
The element parameter "ulom::epProgramStatus_ulom" is not initialized (default values are used).
Warning at line 1 in the definition of parameter "ulom::pViolationPenalty".
The parameter "ulom::pNode_vp" is not initialized (default values are used).
Warning at line 1 in the definition of parameter "ulom::pViolationPenalty".
The parameter "ulom::pPressureControlNode_vp" is not initialized (default values are used).
Warning at line 1 in the definition of parameter "ulom::pViolationPenalty".
The parameter "ulom::pTankNode_vp" is not initialized (default values are used).
Warning at line 1 in the definition of parameter "ulom::pViolationPenalty".
The parameter "ulom::pBufferNode_vp" is not initialized (default values are used).
Warning at line 1 in the definition of parameter "ulom::pViolationPenalty".
The parameter "ulom::pInputFlowNode_vp" is not initialized (default values are used).
Warning at line 1 in the definition of parameter "ulom::pViolationPenalty".
The parameter "ulom::pOutputFlowNode_vp" is not initialized (default values are used).
Warning at line 1 in the definition of parameter "ulom::pViolationPenalty".
The parameter "ulom::pArc_vp" is not initialized (default values are used).
Warning at line 1 in the definition of parameter "ulom::pViolationPenalty".
The parameter "ulom::pCompressorArc_vp" is not initialized (default values are used).
Warning at line 1 in the definition of parameter "ulom::pViolationPenalty".
The parameter "ulom::pLiquefierArc_vp" is not initialized (default values are used).
Warning at line 1 in the definition of parameter "ulom::pViolationPenalty".
The parameter "ulom::pBackupArc_vp" is not initialized (default values are used).
Warning at line 1 in the definition of parameter "ulom::pViolationPenalty".
The parameter "ulom::pValveArc_vp" is not initialized (default values are used).
Warning at line 1 in the definition of parameter "ulom::pViolationPenalty".
The parameter "ulom::pPipeArc_vp" is not initialized (default values are used).
Warning at line 1 in the definition of parameter "ulom::pViolationPenalty".
The parameter "ulom::pBox_vp" is not initialized (default values are used).
Warning at line 1 in the definition of parameter "ulom::pViolationPenalty".
The parameter "ulom::pColdBox_vp" is not initialized (default values are used).
Warning at line 1 in the definition of parameter "ulom::pViolationPenalty".
The parameter "ulom::pOperatingMode_vp" is not initialized (default values are used).
Warning at line 1 in the definition of parameter "ulom::pViolationPenalty".
The parameter "ulom::pOther_vp" is not initialized (default values are used).
Warning at line 1 in the definition of parameter "odm::p01ColdboxGraphInputNodeSelect".
The element parameter "odm::epColdboxGraphInputOutputNodeSelect" is not initialized (default values are used).
Warning at line 1 in the definition of element parameter "odm::epColorGraphProduct2".
The element parameter "odm::epRM_TankNodeSelected2" is not initialized (default values are used).
Warning at line 1 in the definition of element parameter "odm::epColorGraphProduct3".
The element parameter "odm::epRM_TankNodeSelected3" is not initialized (default values are used).
Warning at line 1 in the definition of string parameter "odm::spColdboxAllSelect1".
The element parameter "odm::epColdboxAllSelect1" is not initialized (default values are used).
Warning at line 1 in the definition of string parameter "odm::spColdboxAllSelect2".
The element parameter "odm::epColdboxAllSelect2" is not initialized (default values are used).
Warning at line 1 in the definition of string parameter "odm::spColdboxAllSelect3_1".
The element parameter "odm::epColdboxAllSelect3_1" is not initialized (default values are used).
Warning at line 1 in the definition of string parameter "odm::spColdboxAllSelect3_2".
The element parameter "odm::epColdboxAllSelect3_2" is not initialized (default values are used).
Warning at line 1 in the definition of string parameter "odm::spColdboxAllSelect3_3".
The element parameter "odm::epColdboxAllSelect3_3" is not initialized (default values are used).
Warning at line 1 in the definition of string parameter "odm::spColdboxAllSelect3_4".
The element parameter "odm::epColdboxAllSelect3_4" is not initialized (default values are used).
Warning at line 1 in the definition of element parameter "odm::epColdboxNodeTypeInputSelect".
The element parameter "odm::epColdboxSelect" is not initialized (default values are used).
Warning at line 1 in the definition of element parameter "odm::epColdboxNodeTypeInputSelect".
The element parameter "odm::epColdboxNodeConnectionTypeInputSelect" is not initialized (default values are used).
Warning at line 1 in the definition of element parameter "odm::epColdboxNodeTypeOutputSelect".
The element parameter "odm::epColdboxNodeConnectionTypeOutputSelect" is not initialized (default values are used).
Warning at line 1 in the definition of parameter "ldm::pVolumeTransportedResultAlto".
The element parameter "ldm::epAltoBusinessCode" is not initialized (default values are used).
Warning at line 1 in the definition of parameter "ldm::pVolumeTransportedResultAlto".
The element parameter "ldm::epAltoRawProductCode" is not initialized (default values are used).
Warning at line 1 in the definition of parameter "ldm::pVolumeTransportedResultAlto".
The element parameter "ldm::epAltoDispatchZoneCode" is not initialized (default values are used).
Warning at line 1 in the definition of set "ldm::sRouteSelectLIN_DM".
The parameter "ldm::p01RouteSelectLIN" is not initialized (default values are used).
Warning at line 1 in the definition of set "ldm::sRouteSelectLIN_DM".
The element parameter "ldm::epTimeIMSelected" is not initialized (default values are used).
Warning at line 1 in the definition of set "ldm::sRouteSelectLOX_DM".
The parameter "ldm::p01RouteSelectLOX" is not initialized (default values are used).
Warning at line 1 in the definition of set "ldm::sRouteSelectLAR_DM".
The parameter "ldm::p01RouteSelectLAR" is not initialized (default values are used).
Warning at line 1 in the definition of parameter "pro::session::ActiveSessionRunning".
The element parameter "pro::session::ActiveSession" is not initialized (default values are used).
Warning at line 1 in the definition of string parameter "pro::session::LastKnownActiveSessionStatus".
The element parameter "pro::session::LastKnowActiveSession" is not initialized (default values are used).
Warning at line 1 in the definition of parameter "webui::CaseReadOnly".
The string parameter "webui::CaseReadOnlyBool" is not initialized (default values are used).
Warning at line 1 in the definition of element parameter "webui::LastActiveWebUITab".
The parameter "webui::TabUserInteractionTimeStamp" is not initialized (default values are used).
Warning at line 12 in user-defined function section "webui::proint::CaseFileSave".
There were errors during updating definitions. The case is saved without the defined identifiers!
Warning at line 12 in user-defined function section "webui::proint::CaseFileSave".
There were errors during updating definitions. The case is saved without the defined identifiers!
Warning at line 12 in user-defined function section "webui::proint::CaseFileSave".
There were errors during updating definitions. The case is saved without the defined identifiers!
Warning at line 12 in user-defined function section "webui::proint::CaseFileSave".
There were errors during updating definitions. The case is saved without the defined identifiers!
Warning at line 12 in user-defined function section "webui::proint::CaseFileSave".
There were errors during updating definitions. The case is saved without the defined identifiers!
Warning at line 12 in user-defined function section "webui::proint::CaseFileSave".
There were errors during updating definitions. The case is saved without the defined identifiers!
Warning at line 12 in user-defined function section "webui::proint::CaseFileSave".
There were errors during updating definitions. The case is saved without the defined identifiers!
Warning at line 12 in user-defined function section "webui::proint::CaseFileSave".
There were errors during updating definitions. The case is saved without the defined identifiers!
Warning at line 12 in user-defined function section "webui::proint::CaseFileSave".
There were errors during updating definitions. The case is saved without the defined identifiers!
Warning at line 12 in user-defined function section "webui::proint::CaseFileSave".
There were errors during updating definitions. The case is saved without the defined identifiers!
Warning at line 12 in user-defined function section "webui::proint::CaseFileSave".
There were errors during updating definitions. The case is saved without the defined identifiers!
Warning at line 12 in user-defined function section "webui::proint::CaseFileSave".
There were errors during updating definitions. The case is saved without the defined identifiers!
Warning at line 12 in user-defined function section "webui::proint::CaseFileSave".
There were errors during updating definitions. The case is saved without the defined identifiers!
Warning at line 12 in user-defined function section "webui::proint::CaseFileSave".
There were errors during updating definitions. The case is saved without the defined identifiers!
Warning at line 12 in user-defined function section "webui::proint::CaseFileSave".
There were errors during updating definitions. The case is saved without the defined identifiers!
Warning at line 12 in user-defined function section "webui::proint::CaseFileSave".
There were errors during updating definitions. The case is saved without the defined identifiers!
Warning at line 12 in user-defined function section "webui::proint::CaseFileSave".
There were errors during updating definitions. The case is saved without the defined identifiers!
Warning at line 12 in user-defined function section "webui::proint::CaseFileSave".
There were errors during updating definitions. The case is saved without the defined identifiers!
Warning at line 12 in user-defined function section "webui::proint::CaseFileSave".
There were errors during updating definitions. The case is saved without the defined identifiers!
Warning at line 12 in user-defined function section "webui::proint::CaseFileSave".
There were errors during updating definitions. The case is saved without the defined identifiers!
Warning at line 12 in user-defined function section "webui::proint::CaseFileSave".
There were errors during updating definitions. The case is saved without the defined identifiers!
Input/output error at line 7 in user-defined function section "pro::LibraryTermination".
The user function library C:\Users\emmanuel.linguet\AppData\Local\AIMMS\PRO\\AimmsProLibrary-2.0\x64\AimmsPROClient.dll cannot be found.
Input/output error at line 7 in user-defined function section "pro::LibraryTermination".
The library C:\Users\emmanuel.linguet\AppData\Local\AIMMS\PRO\\AimmsProLibrary-2.0\x64\AimmsPROClient.dll has not been loaded because: Error loading library : Paramètre incorrect.
Execution error at line 7 in user-defined function section "pro::LibraryTermination".
The dll for external procedure "pro::management::IsInitialized" has not been found.
