WARNING: Library has prefix "g_data" specified in project.xml, but prefix "gdm" in the model file.
There is 124.184 Mb in use.
Warning: The element parameter "gdm::epArcType" is not initialized (default values are used).
Warning at line 1 in the definition of set "gdm::sBackupArcs":
The element parameter "gdm::epArcType" is not initialized (default values are used).
Warning: The element parameter "gdm::epLiquefierCalculationMode" is not initialized (default values are used).
Warning at line 1 in the definition of parameter "gom::vLiquefierPower.domain":
The element parameter "gdm::epLiquefierCalculationMode" is not initialized (default values are used).
Warning: The parameter "gdm::pBackupPowerPump" is not initialized (default values are used).
Warning at line 1 in the definition of parameter "gom::pEnergyCost":
The parameter "gdm::pBackupPowerPump" is not initialized (default values are used).
Warning: The element parameter "gdm::epCompressorEnergyContract" is not initialized (default values are used).
Warning at line 1 in the definition of parameter "gom::pEnergyCost":
The element parameter "gdm::epCompressorEnergyContract" is not initialized (default values are used).
Warning: The element parameter "gdm::epLiquefierEnergyContract" is not initialized (default values are used).
Warning at line 1 in the definition of parameter "gom::pEnergyCost":
The element parameter "gdm::epLiquefierEnergyContract" is not initialized (default values are used).
Warning: The element parameter "gdm::epBoxEnergyContract" is not initialized (default values are used).
Warning at line 1 in the definition of parameter "gom::pEnergyCost":
The element parameter "gdm::epBoxEnergyContract" is not initialized (default values are used).
Warning: The element parameter "gdm::epBackupEnergyContract" is not initialized (default values are used).
Warning at line 1 in the definition of parameter "gom::pEnergyCost":
The element parameter "gdm::epBackupEnergyContract" is not initialized (default values are used).
Warning: The element parameter "gdm::epAuxPowerGroupEnergyContract" is not initialized (default values are used).
Warning at line 1 in the definition of parameter "gom::pEnergyCost":
The element parameter "gdm::epAuxPowerGroupEnergyContract" is not initialized (default values are used).
Warning: The parameter "gdm::pEnergyContractCost" is not initialized (default values are used).
Warning at line 1 in the definition of parameter "gom::pEnergyCost":
The parameter "gdm::pEnergyContractCost" is not initialized (default values are used).
Warning: The parameter "gdm::pTankInitialLevel" is not initialized (default values are used).
Warning at line 1 in the definition of parameter "gom::pCostTank":
The parameter "gdm::pTankInitialLevel" is not initialized (default values are used).
Warning: The parameter "gdm::pTankLiquidValue" is not initialized (default values are used).
Warning at line 1 in the definition of parameter "gom::pCostTank":
The parameter "gdm::pTankLiquidValue" is not initialized (default values are used).
Warning: The element parameter "gdm::epNodeType" is not initialized (default values are used).
Warning at line 1 in the definition of set "gdm::sBufferNodes":
The element parameter "gdm::epNodeType" is not initialized (default values are used).
Warning: The parameter "gdm::pBufferGasValue" is not initialized (default values are used).
Warning at line 1 in the definition of parameter "gom::pCostBuffer":
The parameter "gdm::pBufferGasValue" is not initialized (default values are used).
Warning: The parameter "gdm::pInputFlowNodeCostPerUnit" is not initialized (default values are used).
Warning at line 1 in the definition of parameter "gom::pInputFlowCost":
The parameter "gdm::pInputFlowNodeCostPerUnit" is not initialized (default values are used).
Warning: The parameter "gdm::pOutputFlowNodeValuePerUnit" is not initialized (default values are used).
Warning at line 1 in the definition of parameter "gom::pOutputFlowCost":
The parameter "gdm::pOutputFlowNodeValuePerUnit" is not initialized (default values are used).
Warning: The parameter "ldm::pDepotTruckTypeTransportCost" is not initialized (default values are used).
Warning at line 1 in the definition of parameter "ldm::pTransportCostPeriod":
The parameter "ldm::pDepotTruckTypeTransportCost" is not initialized (default values are used).
Warning: The element parameter "ldm::epRouteFrom" is not initialized (default values are used).
Warning at line 1 in the definition of parameter "ldm::pVolumeTransportedTruckloading":
The element parameter "ldm::epRouteFrom" is not initialized (default values are used).
Warning: The element parameter "ldm::epTruckLoadingProduct" is not initialized (default values are used).
Warning at line 1 in the definition of parameter "ldm::pVolumeTransportedTruckloading_SelectedUnit":
The element parameter "ldm::epTruckLoadingProduct" is not initialized (default values are used).
Warning: The parameter "ldm::pConvFromNm3ToSelectUnit" is not initialized (default values are used).
Warning at line 1 in the definition of parameter "ldm::pVolumeTransportedTruckloading_SelectedUnit":
The parameter "ldm::pConvFromNm3ToSelectUnit" is not initialized (default values are used).
Warning: The element parameter "gdm::epNodeSite" is not initialized (default values are used).
Warning at line 1 in the definition of parameter "ldm::pVolumeTakeOrPayNotUsedTruckloading":
The element parameter "gdm::epNodeSite" is not initialized (default values are used).
Warning: The element parameter "gdm::epTankLiquidProduct" is not initialized (default values are used).
Warning at line 1 in the definition of parameter "ldm::pVolumeTakeOrPayNotUsedTruckloading":
The element parameter "gdm::epTankLiquidProduct" is not initialized (default values are used).
Warning: The element parameter "ldm::epSourceType" is not initialized (default values are used).
Warning at line 1 in the definition of parameter "ldm::pProductAvailableNm3":
The element parameter "ldm::epSourceType" is not initialized (default values are used).
Warning: The parameter "ldm::pExternalsourceTankInitialLevel" is not initialized (default values are used).
Warning at line 1 in the definition of parameter "ldm::pProductAvailableNm3":
The parameter "ldm::pExternalsourceTankInitialLevel" is not initialized (default values are used).
Warning: The parameter "ldm::pExternalsourceTankTakeOrPayQuantity" is not initialized (default values are used).
Warning at line 1 in the definition of parameter "ldm::pProductTakeOrPayQuantityNm3":
The parameter "ldm::pExternalsourceTankTakeOrPayQuantity" is not initialized (default values are used).
Warning: The element parameter "ldm::epRouteTo" is not initialized (default values are used).
Warning at line 1 in the definition of element parameter "ldm::epRouteProduct":
The element parameter "ldm::epRouteTo" is not initialized (default values are used).
Warning: The element parameter "ldm::epCustomerClusterProduct" is not initialized (default values are used).
Warning at line 1 in the definition of element parameter "ldm::epRouteProduct":
The element parameter "ldm::epCustomerClusterProduct" is not initialized (default values are used).
Warning: The element parameter "ldm::epCustomerClusterTruckType" is not initialized (default values are used).
Warning at line 1 in the definition of element parameter "ldm::epRouteTruckType":
The element parameter "ldm::epCustomerClusterTruckType" is not initialized (default values are used).
Warning: The string parameter "ldm::spCustomerClusterDispatchZone" is not initialized (default values are used).
Warning at line 1 in the definition of parameter "ldm::pRouteVolumeTransportedDisplay":
The string parameter "ldm::spCustomerClusterDispatchZone" is not initialized (default values are used).
Warning: The parameter "ldm::p01UseDepot" is not initialized (default values are used).
Warning at line 1 in the definition of parameter "ldm::cTruckloadingDepotFlexLink.domain":
The parameter "ldm::p01UseDepot" is not initialized (default values are used).
Warning: The parameter "ldm::p01TruckTypeFlexibleActive" is not initialized (default values are used).
Warning at line 1 in the definition of parameter "ldm::cTruckloadingDepotFlexLink.domain":
The parameter "ldm::p01TruckTypeFlexibleActive" is not initialized (default values are used).
Warning: The parameter "ldm::p01CalibrationCalculation" is not initialized (default values are used).
Warning at line 1 in the definition of parameter "ldm::cTruckloadingTotalDistance.domain":
The parameter "ldm::p01CalibrationCalculation" is not initialized (default values are used).
Warning at line 3 in user-defined function section "log_message::procCleanLogMessages":
The string parameter "log_message::spLogMessageType" is not initialized (default values are used).
Warning: The string parameter "log_message::spLogMessageType" is not initialized (default values are used).
Warning at line 1 in the definition of parameter "gom::cNoPowerBalanceSlackPos.domain":
The parameter "gdm::p01AllowSlackPowerBalance" is not initialized (default values are used).
Warning at line 1 in the definition of parameter "gom::cNoSlackMin.domain":
The parameter "gdm::p01AllowSlackLiquid" is not initialized (default values are used).
Warning at line 1 in the definition of parameter "gom::cNoSlackCompressorFlowMin.domain":
The parameter "gdm::p01AllowSlackCompressorFlow" is not initialized (default values are used).
Warning at line 1 in the definition of string parameter "gom::spProgramStatus":
The element parameter "gom::epProgramStatus" is not initialized (default values are used).
Warning at line 1 in the definition of string parameter "lom::spProgramStatus_lom":
The element parameter "lom::epProgramStatus_lom" is not initialized (default values are used).
Warning at line 1 in the definition of string parameter "uom::spProgramStatus_uom":
The element parameter "uom::epProgramStatus_uom" is not initialized (default values are used).
Warning at line 1 in the definition of parameter "uom::pViolationPenalty":
The parameter "uom::pNode_vp" is not initialized (default values are used).
Warning at line 1 in the definition of parameter "uom::pViolationPenalty":
The parameter "uom::pPressureControlNode_vp" is not initialized (default values are used).
Warning at line 1 in the definition of parameter "uom::pViolationPenalty":
The parameter "uom::pTankNode_vp" is not initialized (default values are used).
Warning at line 1 in the definition of parameter "uom::pViolationPenalty":
The parameter "uom::pBufferNode_vp" is not initialized (default values are used).
Warning at line 1 in the definition of parameter "uom::pViolationPenalty":
The parameter "uom::pInputFlowNode_vp" is not initialized (default values are used).
Warning at line 1 in the definition of parameter "uom::pViolationPenalty":
The parameter "uom::pOutputFlowNode_vp" is not initialized (default values are used).
Warning at line 1 in the definition of parameter "uom::pViolationPenalty":
The parameter "uom::pArc_vp" is not initialized (default values are used).
Warning at line 1 in the definition of parameter "uom::pViolationPenalty":
The parameter "uom::pCompressorArc_vp" is not initialized (default values are used).
Warning at line 1 in the definition of parameter "uom::pViolationPenalty":
The parameter "uom::pLiquefierArc_vp" is not initialized (default values are used).
Warning at line 1 in the definition of parameter "uom::pViolationPenalty":
The parameter "uom::pBackupArc_vp" is not initialized (default values are used).
Warning at line 1 in the definition of parameter "uom::pViolationPenalty":
The parameter "uom::pValveArc_vp" is not initialized (default values are used).
Warning at line 1 in the definition of parameter "uom::pViolationPenalty":
The parameter "uom::pPipeArc_vp" is not initialized (default values are used).
Warning at line 1 in the definition of parameter "uom::pViolationPenalty":
The parameter "uom::pBox_vp" is not initialized (default values are used).
Warning at line 1 in the definition of parameter "uom::pViolationPenalty":
The parameter "uom::pColdBox_vp" is not initialized (default values are used).
Warning at line 1 in the definition of parameter "uom::pViolationPenalty":
The maximum of 20 warnings reached, further warnings suppressed. 
See also option maximal_number_of_warnings_reported
